<?xml version="1.0" encoding="UTF-8"?>
<!-- Generated by org.testng.reporters.JUnitXMLReporter -->
<testsuite ignored="0" hostname="ip-172-31-16-131" failures="0" tests="6" name="Test" time="2.423" errors="0" timestamp="04 Feb 2024 17:22:14 GMT">
  <testcase classname="restAPIBDD.APIOperationsTest" name="GetOperation" time="1.18"/>
  <testcase classname="restAPIBDD.APIOperationsTest" name="GetOperationWithPara" time="0.543"/>
  <testcase classname="restAPIBDD.APIOperationsTest" name="GetOperationWithQueryPara" time="0.401"/>
  <testcase classname="restAPIBDD.APIOperationsTest" name="PostOperationWithhashmap" time="0.21"/>
  <testcase classname="restAPIBDD.APIOperationsTest" name="PutOperationWithhashmap" time="0.034"/>
  <testcase classname="restAPIBDD.APIOperationsTest" name="XDeleteOperation" time="0.028"/>
</testsuite> <!-- Test -->
