<?xml version="1.0" encoding="UTF-8"?>
<testsuite xmlns:xsi="http://www.w3.org/2001/XMLSchema-instance" xsi:noNamespaceSchemaLocation="https://maven.apache.org/surefire/maven-surefire-plugin/xsd/surefire-test-report-3.0.xsd" version="3.0" name="TestSuite" time="3.262" tests="6" errors="0" skipped="0" failures="0">
  <properties>
[...]
</properties>
  <testcase name="GetOperation" classname="restAPIBDD.APIOperationsTest" time="1.332">
    <system-out><![CDATA[[TestNGContentHandler] [WARN] It is strongly recommended to add "<!DOCTYPE suite SYSTEM "http://testng.org/testng-1.0.dtd" >" at the top of your file, otherwise TestNG may fail or not work as expected.
[
    {
        "id": "1",
        "name": "Pankaj",
        "salary": "10000"
    },
    {
        "id": "3",
        "name": "Naimesh",
        "salary": "70000"
    },
    {
        "id": "2",
        "name": "Unnati",
        "salary": "50000"
    },
    {
        "id": "5",
        "name": "Ronak",
        "salary": "30000"
    },
    {
        "id": "6",
        "name": "Siddhi",
        "salary": "40000"
    },
    {
        "id": "7",
        "name": "Jayesh",
        "salary": "40000"
    },
    {
        "id": "8",
        "name": "Geeta",
        "salary": "30000"
    },
    {
        "id": "4",
        "name": "Ronak",
        "salary": "30000"
    }
]
]]></system-out>
  </testcase>
  <testcase name="GetOperationWithPara" classname="restAPIBDD.APIOperationsTest" time="0.457">
    <system-out><![CDATA[HTTP/1.1 200 OK
X-Powered-By: tinyhttp
Access-Control-Allow-Origin: *
Access-Control-Allow-Methods: GET, HEAD, PUT, PATCH, POST, DELETE
Access-Control-Allow-Headers: content-type
Content-Type: application/json
Date: Sun, 04 Feb 2024 17:27:00 GMT
Connection: keep-alive
Keep-Alive: timeout=5
Content-Length: 57

{
    "id": "3",
    "name": "Naimesh",
    "salary": "70000"
}
]]></system-out>
  </testcase>
  <testcase name="GetOperationWithQueryPara" classname="restAPIBDD.APIOperationsTest" time="0.386">
    <system-out><![CDATA[<html>
  <body>{"result:":{"statements":[{"TRANSACTION_ID":"12","ACCOUNT_NO":"1","DATE_OF_TRANSACTION":"2013-11-16","AMOUNT":"500","TRANSACTION_TYPE":"D","DESCRIPTION":"Initial Deposit"},{"TRANSACTION_ID":"23","ACCOUNT_NO":"1","DATE_OF_TRANSACTION":"2013-11-17","AMOUNT":"14","TRANSACTION_TYPE":"t","DESCRIPTION":"yi Tansfer From 14"},{"TRANSACTION_ID":"25","ACCOUNT_NO":"1","DATE_OF_TRANSACTION":"2013-11-18","AMOUNT":"1","TRANSACTION_TYPE":"t","DESCRIPTION":"hgg Tansfer From 15"},{"TRANSACTION_ID":"49745","ACCOUNT_NO":"1","DATE_OF_TRANSACTION":"2017-04-13","AMOUNT":"0","TRANSACTION_TYPE":"t","DESCRIPTION":"0 Tansfer From 1"},{"TRANSACTION_ID":"94867","ACCOUNT_NO":"1","DATE_OF_TRANSACTION":"2018-11-21","AMOUNT":"500","TRANSACTION_TYPE":"t","DESCRIPTION":"cash Tansfer From 14"}]},"message":{"ErrorCode:":0,"ErrorMsg:":"Success"}}</body>
</html>
]]></system-out>
  </testcase>
  <testcase name="PostOperationWithhashmap" classname="restAPIBDD.APIOperationsTest" time="0.295">
    <system-out><![CDATA[{
    "id": "9",
    "name": "Samir",
    "salary": "3000"
}
]]></system-out>
  </testcase>
  <testcase name="PutOperationWithhashmap" classname="restAPIBDD.APIOperationsTest" time="0.043">
    <system-out><![CDATA[{
    "name": "Kabir",
    "id": "9",
    "salary": "25000"
}
]]></system-out>
  </testcase>
  <testcase name="XDeleteOperation" classname="restAPIBDD.APIOperationsTest" time="0.023">
    <system-out><![CDATA[{
    "name": "Kabir",
    "id": "9",
    "salary": "25000"
}
]]></system-out>
  </testcase>
</testsuite>